<?xml version="1.0" encoding="UTF-8"?>
<!-- Generated by org.testng.reporters.JUnitReportReporter -->
<testsuite name="com.alok.tests.EmployeeTest" tests="1" time="3.134" ignored="0" failures="0" timestamp="22 Sep 2017 09:42:36 GMT" skipped="0" hostname="LNDA0006" errors="0">
  <testcase name="resAssured" time="3.134" classname="com.alok.tests.EmployeeTest"/>
</testsuite> <!-- com.alok.tests.EmployeeTest -->
